  Layer.cpp
F:\Visual Studio\Repos\Neural_Network\Neural_Network\Matrix.h(25,23): warning C4018: '<': signed/unsigned mismatch
F:\Visual Studio\Repos\Neural_Network\Neural_Network\Matrix.h(26,24): warning C4018: '<': signed/unsigned mismatch
F:\Visual Studio\Repos\Neural_Network\Neural_Network\Matrix.h(37,23): warning C4018: '<': signed/unsigned mismatch
F:\Visual Studio\Repos\Neural_Network\Neural_Network\Matrix.h(38,24): warning C4018: '<': signed/unsigned mismatch
F:\Visual Studio\Repos\Neural_Network\Neural_Network\Matrix.h(54,24): warning C4018: '<': signed/unsigned mismatch
F:\Visual Studio\Repos\Neural_Network\Neural_Network\Matrix.h(55,25): warning C4018: '<': signed/unsigned mismatch
F:\Visual Studio\Repos\Neural_Network\Neural_Network\Matrix.h(57,26): warning C4018: '<': signed/unsigned mismatch
F:\Visual Studio\Repos\Neural_Network\Neural_Network\Matrix.h(77,23): warning C4018: '<': signed/unsigned mismatch
F:\Visual Studio\Repos\Neural_Network\Neural_Network\Matrix.h(78,24): warning C4018: '<': signed/unsigned mismatch
F:\Visual Studio\Repos\Neural_Network\Neural_Network\Matrix.h(94,24): warning C4018: '<': signed/unsigned mismatch
F:\Visual Studio\Repos\Neural_Network\Neural_Network\Layer.cpp(24,11): warning C4244: '=': conversion from 'double' to 'int', possible loss of data
  Neural_Network.cpp
F:\Visual Studio\Repos\Neural_Network\Neural_Network\Matrix.h(25,23): warning C4018: '<': signed/unsigned mismatch
F:\Visual Studio\Repos\Neural_Network\Neural_Network\Matrix.h(26,24): warning C4018: '<': signed/unsigned mismatch
F:\Visual Studio\Repos\Neural_Network\Neural_Network\Matrix.h(37,23): warning C4018: '<': signed/unsigned mismatch
F:\Visual Studio\Repos\Neural_Network\Neural_Network\Matrix.h(38,24): warning C4018: '<': signed/unsigned mismatch
F:\Visual Studio\Repos\Neural_Network\Neural_Network\Matrix.h(54,24): warning C4018: '<': signed/unsigned mismatch
F:\Visual Studio\Repos\Neural_Network\Neural_Network\Matrix.h(55,25): warning C4018: '<': signed/unsigned mismatch
F:\Visual Studio\Repos\Neural_Network\Neural_Network\Matrix.h(57,26): warning C4018: '<': signed/unsigned mismatch
F:\Visual Studio\Repos\Neural_Network\Neural_Network\Matrix.h(77,23): warning C4018: '<': signed/unsigned mismatch
F:\Visual Studio\Repos\Neural_Network\Neural_Network\Matrix.h(78,24): warning C4018: '<': signed/unsigned mismatch
F:\Visual Studio\Repos\Neural_Network\Neural_Network\Matrix.h(94,24): warning C4018: '<': signed/unsigned mismatch
F:\Visual Studio\Repos\Neural_Network\Neural_Network\Neural_Network.cpp(13,21): warning C4018: '<': signed/unsigned mismatch
F:\Visual Studio\Repos\Neural_Network\Neural_Network\Neural_Network.cpp(30,21): warning C4018: '<': signed/unsigned mismatch
F:\Visual Studio\Repos\Neural_Network\Neural_Network\Neural_Network.cpp(35,21): warning C4018: '<': signed/unsigned mismatch
F:\Visual Studio\Repos\Neural_Network\Neural_Network\Neural_Network.cpp(55,42): warning C4244: 'argument': conversion from 'double' to 'const unsigned int', possible loss of data
F:\Visual Studio\Repos\Neural_Network\Neural_Network\Neural_Network.cpp(55,29): warning C4244: 'argument': conversion from 'double' to 'int', possible loss of data
F:\Visual Studio\Repos\Neural_Network\Neural_Network\Neural_Network.cpp(98,21): warning C4018: '<': signed/unsigned mismatch
F:\Visual Studio\Repos\Neural_Network\Neural_Network\Neural_Network.cpp(108,22): warning C4018: '<': signed/unsigned mismatch
  Neuron.cpp
  main.cpp
F:\Visual Studio\Repos\Neural_Network\Neural_Network\Matrix.h(25,23): warning C4018: '<': signed/unsigned mismatch
F:\Visual Studio\Repos\Neural_Network\Neural_Network\Matrix.h(26,24): warning C4018: '<': signed/unsigned mismatch
F:\Visual Studio\Repos\Neural_Network\Neural_Network\Matrix.h(37,23): warning C4018: '<': signed/unsigned mismatch
F:\Visual Studio\Repos\Neural_Network\Neural_Network\Matrix.h(38,24): warning C4018: '<': signed/unsigned mismatch
F:\Visual Studio\Repos\Neural_Network\Neural_Network\Matrix.h(54,24): warning C4018: '<': signed/unsigned mismatch
F:\Visual Studio\Repos\Neural_Network\Neural_Network\Matrix.h(55,25): warning C4018: '<': signed/unsigned mismatch
F:\Visual Studio\Repos\Neural_Network\Neural_Network\Matrix.h(57,26): warning C4018: '<': signed/unsigned mismatch
F:\Visual Studio\Repos\Neural_Network\Neural_Network\Matrix.h(77,23): warning C4018: '<': signed/unsigned mismatch
F:\Visual Studio\Repos\Neural_Network\Neural_Network\Matrix.h(78,24): warning C4018: '<': signed/unsigned mismatch
F:\Visual Studio\Repos\Neural_Network\Neural_Network\Matrix.h(94,24): warning C4018: '<': signed/unsigned mismatch
  Generating Code...
F:\Visual Studio\Repos\Neural_Network\Neural_Network\Layer.cpp(51): warning C4715: 'neural::Layer::GetActivationLayer': not all control paths return a value
F:\Visual Studio\Repos\Neural_Network\Neural_Network\Layer.cpp(72): warning C4715: 'neural::Layer::GetDerivationLayer': not all control paths return a value
  Neural_Network.vcxproj -> F:\Visual Studio\Repos\Neural_Network\Debug\Neural_Network.exe
